ausoshare/proguard-project.txt
# To enable ProGuard in your project, edit project.properties
# to define the proguard.config property as described in that file.
#
# Add project specific ProGuard rules here.
# By default, the flags in this file are appended to flags specified
# in ${sdk.dir}/tools/proguard/proguard-android.txt
# You can edit the include path and order by changing the ProGuard
# include property in project.properties.
#
# For more details, see
#   http://developer.android.com/guide/developing/tools/proguard.html

# Add any project specific keep options here:

-keep class com.google.android.gms.** { *; }
-keep class com.google.gson.** {*;}
-keep class com.squareup.okhttp.** { *; }

-keep class **.R$* {   *;  }

-dontusemixedcaseclassnames
-dontskipnonpubliclibraryclasses
-verbose

-dontoptimize
-dontpreverify

# Add any project specific keep options here:
-keepclassmembers class * extends android.app.Activity {
　　public void *(android.view.View);
}

-keep class * implements android.os.Parcelable {
　　public static final android.os.Parcelable$Creator *;
}


-keep class com.squareup.picasso.** { *; }
-keep class com.tencent.mm.** { *; }

-keepattributes Signature
-keep class sun.misc.Unsafe { *; }


-keep class com.google.android.media.effects.** { *; }

-keep class com.google.android.maps.** { *; }

-keep class org.xmlpull.v1.** { *; }

-keep class org.apache.http.** { *; }

-keep class java.io.IOException.** { *; }
-keep class java.io.OutputStream.** { *; }


# If your project uses WebView with JS, uncomment the following
# and specify the fully qualified class name to the JavaScript interface
# class:



#-keepclassmembers class fqcn.of.javascript.interface.for.webview {
#   public *;
#}