ausoshare/proguard/seeds.txt
com.auroratechdevelopment.ausoshare.CustomApplication
com.auroratechdevelopment.ausoshare.CustomApplication: CustomApplication()
com.auroratechdevelopment.ausoshare.MainActivity: void ShareToMoments(android.view.View)
com.auroratechdevelopment.ausoshare.R$anim: int abc_fade_in
com.auroratechdevelopment.ausoshare.R$anim: int abc_fade_out
com.auroratechdevelopment.ausoshare.R$anim: int abc_grow_fade_in_from_bottom
com.auroratechdevelopment.ausoshare.R$anim: int abc_popup_enter
com.auroratechdevelopment.ausoshare.R$anim: int abc_popup_exit
com.auroratechdevelopment.ausoshare.R$anim: int abc_shrink_fade_out_from_bottom
com.auroratechdevelopment.ausoshare.R$anim: int abc_slide_in_bottom
com.auroratechdevelopment.ausoshare.R$anim: int abc_slide_in_top
com.auroratechdevelopment.ausoshare.R$anim: int abc_slide_out_bottom
com.auroratechdevelopment.ausoshare.R$anim: int abc_slide_out_top
com.auroratechdevelopment.ausoshare.R$attr: int actionBarDivider
com.auroratechdevelopment.ausoshare.R$attr: int actionBarItemBackground
com.auroratechdevelopment.ausoshare.R$attr: int actionBarPopupTheme
com.auroratechdevelopment.ausoshare.R$attr: int actionBarSize
com.auroratechdevelopment.ausoshare.R$attr: int actionBarSplitStyle
com.auroratechdevelopment.ausoshare.R$attr: int actionBarStyle
com.auroratechdevelopment.ausoshare.R$attr: int actionBarTabBarStyle
com.auroratechdevelopment.ausoshare.R$attr: int actionBarTabStyle
com.auroratechdevelopment.ausoshare.R$attr: int actionBarTabTextStyle
com.auroratechdevelopment.ausoshare.R$attr: int actionBarTheme
com.auroratechdevelopment.ausoshare.R$attr: int actionBarWidgetTheme
com.auroratechdevelopment.ausoshare.R$attr: int actionButtonStyle
com.auroratechdevelopment.ausoshare.R$attr: int actionDropDownStyle
com.auroratechdevelopment.ausoshare.R$attr: int actionLayout
com.auroratechdevelopment.ausoshare.R$attr: int actionMenuTextAppearance
com.auroratechdevelopment.ausoshare.R$attr: int actionMenuTextColor
com.auroratechdevelopment.ausoshare.R$attr: int actionModeBackground
com.auroratechdevelopment.ausoshare.R$attr: int actionModeCloseButtonStyle
com.auroratechdevelopment.ausoshare.R$attr: int actionModeCloseDrawable
com.auroratechdevelopment.ausoshare.R$attr: int actionModeCopyDrawable
com.auroratechdevelopment.ausoshare.R$attr: int actionModeCutDrawable
com.auroratechdevelopment.ausoshare.R$attr: int actionModeFindDrawable
com.auroratechdevelopment.ausoshare.R$bool: int abc_action_bar_embed_tabs
com.auroratechdevelopment.ausoshare.R$bool: int abc_action_bar_embed_tabs_pre_jb
com.auroratechdevelopment.ausoshare.R$bool: int abc_action_bar_expanded_action_views_exclusive
com.auroratechdevelopment.ausoshare.R$bool: int abc_allow_stacked_button_bar
com.auroratechdevelopment.ausoshare.R$bool: int abc_config_actionMenuItemAllCaps
com.auroratechdevelopment.ausoshare.R$bool: int abc_config_allowActionMenuItemTextWithIcon
com.auroratechdevelopment.ausoshare.R$bool: int abc_config_closeDialogWhenTouchOutside
com.auroratechdevelopment.ausoshare.R$bool: int abc_config_showMenuShortcutsWhenKeyboardPresent
...
android.support.v7.widget.AppCompatImageButton: void setImageResource(int)
android.support.v7.widget.AppCompatImageButton: void setBackgroundResource(int)
android.support.v7.widget.AppCompatImageButton: void setBackgroundDrawable(android.graphics.drawable.Drawable)
android.support.v7.widget.AppCompatImageButton: void setSupportBackgroundTintList(android.content.res.ColorStateList)
android.support.v7.widget.AppCompatImageButton: android.content.res.ColorStateList getSupportBackgroundTintList()
android.support.v7.widget.AppCompatImageButton: void setSupportBackgroundTintMode(android.graphics.PorterDuff$Mode)
android.support.v7.widget.AppCompatImageButton: android.graphics.PorterDuff$Mode getSupportBackgroundTintMode()
android.support.v7.widget.AppCompatImageView: void setImageResource(int)
android.support.v7.widget.AppCompatImageView: void setBackgroundResource(int)
android.support.v7.widget.AppCompatImageView: void setBackgroundDrawable(android.graphics.drawable.Drawable)
android.support.v7.widget.AppCompatImageView: void setSupportBackgroundTintList(android.content.res.ColorStateList)
android.support.v7.widget.AppCompatImageView: android.content.res.ColorStateList getSupportBackgroundTintList()
android.support.v7.widget.AppCompatImageView: void setSupportBackgroundTintMode(android.graphics.PorterDuff$Mode)
android.support.v7.widget.AppCompatImageView: android.graphics.PorterDuff$Mode getSupportBackgroundTintMode()
android.support.v7.widget.AppCompatMultiAutoCompleteTextView: void setDropDownBackgroundResource(int)
android.support.v7.widget.AppCompatMultiAutoCompleteTextView: void setBackgroundResource(int)
android.support.v7.widget.AppCompatMultiAutoCompleteTextView: void setBackgroundDrawable(android.graphics.drawable.Drawable)
android.support.v7.widget.AppCompatMultiAutoCompleteTextView: void setSupportBackgroundTintList(android.content.res.ColorStateList)
android.support.v7.widget.AppCompatMultiAutoCompleteTextView: android.content.res.ColorStateList getSupportBackgroundTintList()
android.support.v7.widget.AppCompatMultiAutoCompleteTextView: void setSupportBackgroundTintMode(android.graphics.PorterDuff$Mode)
android.support.v7.widget.AppCompatMultiAutoCompleteTextView: android.graphics.PorterDuff$Mode getSupportBackgroundTintMode()
android.support.v7.widget.AppCompatRadioButton: void setButtonDrawable(android.graphics.drawable.Drawable)
android.support.v7.widget.AppCompatRadioButton: void setButtonDrawable(int)
android.support.v7.widget.AppCompatRadioButton: int getCompoundPaddingLeft()
android.support.v7.widget.AppCompatRadioButton: void setSupportButtonTintList(android.content.res.ColorStateList)
android.support.v7.widget.AppCompatRadioButton: android.content.res.ColorStateList getSupportButtonTintList()
android.support.v7.widget.AppCompatRadioButton: void setSupportButtonTintMode(android.graphics.PorterDuff$Mode)
android.support.v7.widget.AppCompatRadioButton: android.graphics.PorterDuff$Mode getSupportButtonTintMode()