ausoshare/proguard/mapping.txt
com.auroratechdevelopment.ausoshare.CustomApplication -> com.auroratechdevelopment.ausoshare.CustomApplication:
    com.auroratechdevelopment.ausoshare.CustomApplication instance -> c
    com.auroratechdevelopment.ausoshare.ui.home.HomeActivity mHomeActivity -> d
    java.util.Locale appLocale -> a
    com.auroratechdevelopment.ausoshare.ui.ActivityBase mCurrentActivity -> e
    int activityCount -> b
    android.content.Context getContext() -> a
    com.auroratechdevelopment.ausoshare.CustomApplication getInstance() -> b
    com.auroratechdevelopment.ausoshare.ui.ActivityBase getCurrentActivity() -> c
    void setCurrentActivity(com.auroratechdevelopment.ausoshare.ui.ActivityBase) -> a
    void setHomeActivity(com.auroratechdevelopment.ausoshare.ui.home.HomeActivity) -> a
    void setUsername(java.lang.String) -> a
    java.lang.String getUsername() -> d
    void setEmail(java.lang.String) -> b
    java.lang.String getEmail() -> e
    void setSharedAdUrl(java.lang.String) -> c
    void setSharedAdThumb(java.lang.String) -> d
    void setSharedAdReviewURL(java.lang.String) -> e
    void setSharedAdDescription(java.lang.String) -> f
    void setRememberMeChecked(boolean) -> a
    boolean getRememberMeChecked() -> f
    void setUserToken(java.lang.String) -> g
    java.lang.String getUserToken() -> g
    void setAvailableFund(java.lang.String) -> h
    java.lang.String getAvailableFund() -> h
    java.lang.Boolean getNotFirstTimeUse() -> i
    void setScreenWidth(int) -> a
com.auroratechdevelopment.ausoshare.ui.ActivityBase -> com.auroratechdevelopment.ausoshare.ui.a:
    android.content.BroadcastReceiver receiver -> i
    android.widget.Button btnBack -> j
    android.widget.TextView txtTitle -> k
    com.auroratechdevelopment.ausoshare.ui.ext.MyProgressDialog waitingDialog -> l
    com.auroratechdevelopment.ausoshare.ui.ext.CustomAlertDialog customAlertDialog -> m
    boolean isShowedPinLock -> n
    boolean isForeGround -> t
    boolean isAppWentToBg -> o
    boolean isWindowFocused -> p
    boolean isBackPressed -> q
    boolean isLoginView -> r
    com.auroratechdevelopment.ausoshare.util.CheckNetworkStatus checkNetworkStatus -> s
    android.view.View$OnClickListener clickedCommon -> u
    void onCreate(android.os.Bundle) -> onCreate
    boolean onOptionsItemSelected(android.view.MenuItem) -> onOptionsItemSelected
    void setView() -> k
    void viewInitialized() -> l
    void setCommonView() -> t
    void onBackPressed() -> onBackPressed
    void onResume() -> onResume
    void onPause() -> onPause
    void onDestroy() -> onDestroy
    void onStart() -> onStart
    void applicationWillEnterForeground() -> u
    void onStop() -> onStop
    void applicationDidEnterBackground() -> m
    void onWindowFocusChanged(boolean) -> onWindowFocusChanged
    void clearReferences() -> v
    void showInfo() -> n
    void ResponseSuccessCallBack(int,com.auroratechdevelopment.common.webservice.response.ResponseBase) -> a
com.auroratechdevelopment.ausoshare.ui.ActivityBase$1 -> com.auroratechdevelopment.ausoshare.ui.b:
    com.auroratechdevelopment.ausoshare.ui.ActivityBase this$0 -> a
    void onClick(android.view.View) -> onClick
com.auroratechdevelopment.ausoshare.ui.ActivityBase$10 -> com.auroratechdevelopment.ausoshare.ui.c:
    com.auroratechdevelopment.ausoshare.ui.ActivityBase this$0 -> a
    void onDismiss(android.content.DialogInterface) -> onDismiss
com.auroratechdevelopment.ausoshare.ui.ActivityBase$2 -> com.auroratechdevelopment.ausoshare.ui.d:
    com.auroratechdevelopment.ausoshare.ui.ActivityBase this$0 -> a
    void onReceive(android.content.Context,android.content.Intent) -> onReceive
com.auroratechdevelopment.ausoshare.ui.ActivityBase$3 -> com.auroratechdevelopment.ausoshare.ui.e:
    com.auroratechdevelopment.ausoshare.ui.ActivityBase this$0 -> a
    void run() -> run
...
com.auroratechdevelopment.common.ui.ViewPagerEx -> com.auroratechdevelopment.common.ui.ViewPagerEx:
    boolean enabled -> a
    boolean onTouchEvent(android.view.MotionEvent) -> onTouchEvent
    boolean onInterceptTouchEvent(android.view.MotionEvent) -> onInterceptTouchEvent
    void setPagingEnabled(boolean) -> setPagingEnabled
com.auroratechdevelopment.common.util.ImageService -> com.auroratechdevelopment.common.util.a:
com.auroratechdevelopment.common.util.LoadNetPicture -> com.auroratechdevelopment.common.util.b:
    java.lang.String uri -> c
    android.widget.ImageView imageView -> d
    byte[] picByte -> e
    android.os.Handler handle -> a
    java.lang.Runnable runnable -> b
    void getPicture(java.lang.String,android.widget.ImageView) -> a
    byte[] access$0(com.auroratechdevelopment.common.util.LoadNetPicture) -> a
    android.widget.ImageView access$1(com.auroratechdevelopment.common.util.LoadNetPicture) -> b
    java.lang.String access$2(com.auroratechdevelopment.common.util.LoadNetPicture) -> c
    void access$3(com.auroratechdevelopment.common.util.LoadNetPicture,byte[]) -> a
com.auroratechdevelopment.common.util.LoadNetPicture$1 -> com.auroratechdevelopment.common.util.c:
    com.auroratechdevelopment.common.util.LoadNetPicture this$0 -> a
    void handleMessage(android.os.Message) -> handleMessage
com.auroratechdevelopment.common.util.LoadNetPicture$2 -> com.auroratechdevelopment.common.util.d:
    com.auroratechdevelopment.common.util.LoadNetPicture this$0 -> a
    void run() -> run
com.auroratechdevelopment.common.util.UpdateService -> com.auroratechdevelopment.common.util.UpdateService:
    android.app.DownloadManager manager -> a
    java.lang.String downloadUri -> b
    com.auroratechdevelopment.common.util.UpdateService$DownloadCompleteReceiver receiver -> c
    void initDownManager() -> a
    int onStartCommand(android.content.Intent,int,int) -> onStartCommand
    android.os.IBinder onBind(android.content.Intent) -> onBind
    void onDestroy() -> onDestroy
com.auroratechdevelopment.common.util.UpdateService$DownloadCompleteReceiver -> com.auroratechdevelopment.common.util.e:
    com.auroratechdevelopment.common.util.UpdateService this$0 -> a
    void onReceive(android.content.Context,android.content.Intent) -> onReceive
    void installAPK(android.net.Uri) -> a
com.auroratechdevelopment.common.validation.ValidatorBase -> com.auroratechdevelopment.common.b.a:
    android.content.Context m_Context -> a
    void setContext(android.content.Context) -> a
    boolean doesMatchPattern(java.lang.String,java.lang.String) -> a
    byte isInRange(java.lang.String,int,int) -> a
    com.auroratechdevelopment.common.validation.ValidatorBase$ValidationResult createValidationResult(boolean,int,java.lang.Object[]) -> a
    com.auroratechdevelopment.common.validation.ValidatorBase$ValidationResult ValidateValue(java.lang.String,java.lang.String[]) -> a
com.auroratechdevelopment.common.validation.ValidatorBase$ValidationResult -> com.auroratechdevelopment.common.b.b:
    boolean m_Valid -> b
    java.lang.String m_Error -> c
    com.auroratechdevelopment.common.validation.ValidatorBase this$0 -> a
    boolean isValid() -> a
    java.lang.String getError() -> b
com.auroratechdevelopment.common.webservice.SSLContextFactory -> com.auroratechdevelopment.common.c.a:
    com.auroratechdevelopment.common.webservice.SSLContextFactory theInstance -> a
    javax.net.ssl.SSLContext sslContext -> b
    com.auroratechdevelopment.common.webservice.SSLContextFactory getInstance() -> a
    javax.net.ssl.SSLContext makeContext(java.io.InputStream,java.lang.String) -> a
    javax.net.ssl.TrustManager[] setTrustManagers() -> b
    java.security.KeyStore loadPKCS12KeyStore(java.io.InputStream,java.lang.String) -> b