ausoshare/proguard/usage.txt
com.auroratechdevelopment.ausoshare.BuildConfig
com.auroratechdevelopment.ausoshare.Constants
com.auroratechdevelopment.ausoshare.Constants$ShowMsgActivity
com.auroratechdevelopment.ausoshare.CustomApplication:
    private java.lang.String mUsername
    private java.lang.String mUserToken
    public static final java.lang.String TIMEZONE
    58:58:public com.auroratechdevelopment.ausoshare.ui.home.HomeActivity getHomeActivity()
    79:79:public java.lang.String getSharedAdUrl()
    86:86:public java.lang.String getSharedAdThumb()
    93:93:public java.lang.String getSharedAdReviewURL()
    100:100:public java.lang.String getSharedAdDescription()
    111:112:public void setRememberPasswordChecked(boolean)
    114:114:public boolean getRememberPasswordChecked()
    133:134:public void setUserId(long)
    136:136:public long getUserId()
    141:142:public void setNotFirstTimeUse(boolean)
    148:149:public void setCategoryID(java.lang.String)
    152:152:public java.lang.String getCategoryID()
    159:159:public int getScreenWidth()
    219:220:public void setUserEmail(java.lang.String)
    223:223:public java.lang.String getUserEmail()
    235:236:public void setUserLogin(boolean)
    239:239:public boolean getUserLogin()
com.auroratechdevelopment.ausoshare.MainActivity
com.auroratechdevelopment.ausoshare.R
com.auroratechdevelopment.ausoshare.R$anim
com.auroratechdevelopment.ausoshare.R$attr
com.auroratechdevelopment.ausoshare.R$bool
com.auroratechdevelopment.ausoshare.R$color
com.auroratechdevelopment.ausoshare.R$dimen
com.auroratechdevelopment.ausoshare.R$drawable
com.auroratechdevelopment.ausoshare.R$id
com.auroratechdevelopment.ausoshare.R$integer
com.auroratechdevelopment.ausoshare.R$layout
com.auroratechdevelopment.ausoshare.R$menu
com.auroratechdevelopment.ausoshare.R$string
com.auroratechdevelopment.ausoshare.R$style
com.auroratechdevelopment.ausoshare.R$styleable
com.auroratechdevelopment.ausoshare.Util
com.auroratechdevelopment.ausoshare.ui.ActivityBase:
    public static final java.lang.String ActionTag_SlideMenuClicked
    protected android.widget.Button btnInfo
    protected android.widget.TextView txtCashValue
    protected android.widget.Button btnBonus
    protected android.widget.Button btnPoints
    protected android.widget.TextView txtInput
    protected android.widget.TextView txtInfo
    private android.widget.EditText txtAPIKey
    private com.auroratechdevelopment.ausoshare.ui.ActivityBase$OnSlidingMenuListener slidingMenuListener
    81:82:public void setSlidingMenuListener(com.auroratechdevelopment.ausoshare.ui.ActivityBase$OnSlidingMenuListener)
    176:179:protected void sendAppBroadCast(java.lang.String)
    183:183:public boolean isAdminUser()
    442:449:protected void setBackButton(java.lang.String)
    453:463:protected java.lang.String cleanupInputTextViewString(java.lang.String)
    508:508:public boolean isInForeGround()
com.auroratechdevelopment.ausoshare.ui.ActivityBase$OnSlidingMenuListener
com.auroratechdevelopment.ausoshare.ui.contact.ContactFragment:
    protected com.auroratechdevelopment.ausoshare.ui.home.HomeActivity homeActivity
    123:128:private void displayContactURL(java.lang.String)
com.auroratechdevelopment.ausoshare.ui.ext.CustomAlertDialog:
    49:50:public CustomAlertDialog(android.content.Context)
    58:63:public CustomAlertDialog(android.content.Context,java.lang.CharSequence,java.lang.String)
    161:164:public void setButton(java.lang.String,boolean,android.content.DialogInterface$OnClickListener)
    174:177:public void setButton2(java.lang.String,boolean,android.content.DialogInterface$OnClickListener)
    186:189:public void setBackListener(android.view.View$OnClickListener)
...
com.auroratechdevelopment.common.webservice.response.FetchUserInfoResponse
com.auroratechdevelopment.common.webservice.response.ForgotPasswordResponse:
    public long id
    public java.lang.String email
com.auroratechdevelopment.common.webservice.response.GetFavoriteListResponse
com.auroratechdevelopment.common.webservice.response.GetItemDetailResponse
com.auroratechdevelopment.common.webservice.response.GetItemDetailResponse$1
com.auroratechdevelopment.common.webservice.response.GetProductListResponse
com.auroratechdevelopment.common.webservice.response.OrderHistoryResponse
com.auroratechdevelopment.common.webservice.response.PendingUserResponse
com.auroratechdevelopment.common.webservice.response.ProductDetailResponse
com.auroratechdevelopment.common.webservice.response.ProductsResponse
com.auroratechdevelopment.common.webservice.response.RegisterResponse:
    public java.lang.String Token
com.auroratechdevelopment.common.webservice.response.ResponseBase:
    69:70:public void setReasonCode(int)
com.auroratechdevelopment.common.webservice.response.SubmitOrderResponse
com.auroratechdevelopment.common.webservice.response.UpdateUserProfileResponse:
    public java.lang.String token
    public java.lang.String deviceID
    public java.lang.String nickname
    public java.lang.String email
com.auroratechdevelopment.common.webservice.response.UserProfileResponse
com.auroratechdevelopment.common.webservice.response.WithdrawRequestResponse:
    public java.lang.String token
    public java.lang.String deviceID
    public java.lang.String nickname
    public java.lang.String email
com.auroratechdevelopment.common.webservice.util.WebUtils:
    9:9:public WebUtils()
com.google.gson.DefaultDateTypeAdapter:
    53:54:DefaultDateTypeAdapter(int)
com.google.gson.FieldAttributes:
    53:53:public java.lang.Class getDeclaringClass()
    60:60:public java.lang.String getName()
    80:80:public java.lang.reflect.Type getDeclaredType()
    100:100:public java.lang.Class getDeclaredClass()
    111:111:public java.lang.annotation.Annotation getAnnotation(java.lang.Class)
    121:121:public java.util.Collection getAnnotations()
    135:135:public boolean hasModifier(int)
    146:146:java.lang.Object get(java.lang.Object)
    155:155:boolean isSynthetic()
com.google.gson.Gson:
    static final boolean DEFAULT_JSON_NON_EXECUTABLE
    private static final java.lang.String JSON_NON_EXECUTABLE_PREFIX
    474:477:public com.google.gson.JsonElement toJsonTree(java.lang.Object)
    497:499:public com.google.gson.JsonElement toJsonTree(java.lang.Object,java.lang.reflect.Type)
    558:563:public void toJson(java.lang.Object,java.lang.Appendable)
    700:701:public java.lang.Object fromJson(java.lang.String,java.lang.Class)
    724:729:public java.lang.Object fromJson(java.lang.String,java.lang.reflect.Type)
    751:754:public java.lang.Object fromJson(java.io.Reader,java.lang.Class)
    778:781:public java.lang.Object fromJson(java.io.Reader,java.lang.reflect.Type)
    786:794:private static void assertFullConsumption(java.lang.Object,com.google.gson.stream.JsonReader)
    852:853:public java.lang.Object fromJson(com.google.gson.JsonElement,java.lang.Class)
    876:879:public java.lang.Object fromJson(com.google.gson.JsonElement,java.lang.reflect.Type)
com.google.gson.Gson$1:
    129:129:public java.lang.Object deserialize(com.google.gson.JsonElement,java.lang.reflect.Type)
com.google.gson.Gson$2:
    135:135:public com.google.gson.JsonElement serialize(java.lang.Object)
    138:138:public com.google.gson.JsonElement serialize(java.lang.Object,java.lang.reflect.Type)